<?xml version="1.0" encoding="UTF-8"?>
<!-- Generated by org.testng.reporters.JUnitReportReporter -->
<testsuite hostname="DESKTOP-F1TBV5E" failures="0" tests="1" name="seleniumWithTestNG.DemoWorkShop" time="9.435" errors="0" timestamp="2023-03-04T12:22:47 IST" skipped="0">
  <testcase classname="seleniumWithTestNG.DemoWorkShop" name="TC_004_verifyTitleFromExcelSheet" time="9.435"/>
  <system-out/>
</testsuite> <!-- seleniumWithTestNG.DemoWorkShop -->
